<?xml version="1.0" encoding="UTF-8"?>
<!-- Generated by org.testng.reporters.JUnitReportReporter -->
<testsuite hostname="HN-SD-0131-WK" name="test.testcases.login.CheckMotorPage" tests="1" failures="0" timestamp="8 Feb 2018 08:57:47 GMT" time="2.620" errors="0">
  <testcase name="GoToMotorPage" time="2.620" classname="test.testcases.login.CheckMotorPage"/>
</testsuite> <!-- test.testcases.login.CheckMotorPage -->
