<?xml version="1.0" encoding="UTF-8"?>
<!-- Generated by org.testng.reporters.JUnitReportReporter -->
<testsuite hostname="HN-SD-0131-WK" name="test.testcases.login.ClickPVBrowseAll" tests="1" failures="0" timestamp="8 Feb 2018 09:35:12 GMT" time="8.485" errors="0">
  <testcase name="ClickPVBrowseAllMethod" time="8.485" classname="test.testcases.login.ClickPVBrowseAll"/>
</testsuite> <!-- test.testcases.login.ClickPVBrowseAll -->
