<?xml version="1.0" encoding="UTF-8"?>
<!-- Generated by org.testng.reporters.JUnitReportReporter -->
<testsuite hostname="HN-SD-0131-WK" name="test.testcases.login.NumberOfOptionAvailable" tests="1" failures="0" timestamp="22 Feb 2018 10:47:33 GMT" time="132.632" errors="0">
  <testcase name="NumberOfOptionAvailableMethod" time="132.632" classname="test.testcases.login.NumberOfOptionAvailable"/>
</testsuite> <!-- test.testcases.login.NumberOfOptionAvailable -->
