<?xml version="1.0" encoding="UTF-8"?>
<!-- Generated by org.testng.reporters.JUnitReportReporter -->
<testsuite hostname="HN-SD-0131-WK" name="test.testcases.login.OpenPVPage" tests="1" failures="0" timestamp="9 Feb 2018 09:16:48 GMT" time="3.343" errors="0">
  <testcase name="OpenPVPageMethod" time="3.343" classname="test.testcases.login.OpenPVPage"/>
</testsuite> <!-- test.testcases.login.OpenPVPage -->
