<?xml version="1.0" encoding="UTF-8"?>
<!-- Generated by org.testng.reporters.JUnitReportReporter -->
<testsuite hostname="HN-SD-0131-WK" name="test.testcases.ApolloPVAPMEA.ProdListPage_VerifyUIOneResult" tests="2" failures="0" timestamp="7 Mar 2018 09:43:04 GMT" time="19.438" errors="0">
  <testcase name="FirstTimeSearch" time="6.579" classname="test.testcases.ApolloPVAPMEA.ProdListPage_VerifyUIOneResult"/>
  <testcase name="FindTyreSearchNotHomePage" time="12.859" classname="test.testcases.ApolloPVAPMEA.ProdListPage_VerifyUIOneResult"/>
</testsuite> <!-- test.testcases.ApolloPVAPMEA.ProdListPage_VerifyUIOneResult -->
