<?xml version="1.0" encoding="UTF-8"?>
<!-- Generated by org.testng.reporters.JUnitReportReporter -->
<testsuite hostname="HN-SD-0131-WK" name="test.testcases.ApolloPVAPMEA.ProdListPage_VerifyUIMoreOneResult" tests="4" failures="0" timestamp="13 Mar 2018 04:28:31 GMT" time="100.863" errors="0">
  <testcase name="VerifyListProdUI" time="14.003" classname="test.testcases.ApolloPVAPMEA.ProdListPage_VerifyUIMoreOneResult"/>
  <testcase name="HoverOnValue" time="84.552" classname="test.testcases.ApolloPVAPMEA.ProdListPage_VerifyUIMoreOneResult"/>
  <testcase name="VerifyUIOneProd" time="0.640" classname="test.testcases.ApolloPVAPMEA.ProdListPage_VerifyUIMoreOneResult"/>
  <testcase name="HoverOnImage" time="1.668" classname="test.testcases.ApolloPVAPMEA.ProdListPage_VerifyUIMoreOneResult"/>
</testsuite> <!-- test.testcases.ApolloPVAPMEA.ProdListPage_VerifyUIMoreOneResult -->
