<?xml version="1.0" encoding="UTF-8"?>
<!-- Generated by org.testng.reporters.JUnitReportReporter -->
<testsuite hostname="HN-SD-0131-WK" name="test.testcases.login.ClickBrowseAllLink" tests="16" failures="0" timestamp="23 Feb 2018 04:23:49 GMT" time="154.183" errors="0">
  <testcase name="FilterByLuxury" time="48.337" classname="test.testcases.login.ClickBrowseAllLink"/>
  <testcase name="VerifyImgProduct" time="5.130" classname="test.testcases.login.ClickBrowseAllLink"/>
  <testcase name="VerifyNumberAndName" time="3.675" classname="test.testcases.login.ClickBrowseAllLink"/>
  <testcase name="FilterByCar" time="6.032" classname="test.testcases.login.ClickBrowseAllLink"/>
  <testcase name="ClickPVBrowseAll" time="10.401" classname="test.testcases.login.ClickBrowseAllLink"/>
  <testcase name="CheckNumberOptAvlb" time="1.691" classname="test.testcases.login.ClickBrowseAllLink"/>
  <testcase name="OpenPVPage" time="2.688" classname="test.testcases.login.ClickBrowseAllLink"/>
  <testcase name="FilterBySuv" time="2.495" classname="test.testcases.login.ClickBrowseAllLink"/>
  <testcase name="FilterByOnRoad" time="2.630" classname="test.testcases.login.ClickBrowseAllLink"/>
  <testcase name="FilterByMixed" time="3.313" classname="test.testcases.login.ClickBrowseAllLink"/>
  <testcase name="VerifyMinMaxSize" time="8.920" classname="test.testcases.login.ClickBrowseAllLink"/>
  <testcase name="FilterByPremium" time="2.531" classname="test.testcases.login.ClickBrowseAllLink"/>
  <testcase name="FilterByOffRoad" time="43.379" classname="test.testcases.login.ClickBrowseAllLink"/>
  <testcase name="CheckProductText" time="1.715" classname="test.testcases.login.ClickBrowseAllLink"/>
  <testcase name="FilterByPopular" time="3.401" classname="test.testcases.login.ClickBrowseAllLink"/>
  <testcase name="GotoDetailsPage" time="7.845" classname="test.testcases.login.ClickBrowseAllLink"/>
</testsuite> <!-- test.testcases.login.ClickBrowseAllLink -->
