<?xml version="1.0" encoding="UTF-8"?>
<!-- Generated by org.testng.reporters.JUnitReportReporter -->
<testsuite hostname="HN-SD-0131-WK" name="test.testcases.ApolloPVAPMEA.CheckProductListPage" tests="15" failures="0" timestamp="6 Mar 2018 07:27:42 GMT" time="147.296" errors="0">
  <testcase name="VerifyMinMaxSize" time="8.756" classname="test.testcases.ApolloPVAPMEA.CheckProductListPage"/>
  <testcase name="FilterByPremium" time="3.992" classname="test.testcases.ApolloPVAPMEA.CheckProductListPage"/>
  <testcase name="CheckProductText" time="1.815" classname="test.testcases.ApolloPVAPMEA.CheckProductListPage"/>
  <testcase name="ClickPVBrowseAll" time="10.346" classname="test.testcases.ApolloPVAPMEA.CheckProductListPage"/>
  <testcase name="GotoDetailsPage" time="5.776" classname="test.testcases.ApolloPVAPMEA.CheckProductListPage"/>
  <testcase name="FilterBySuv" time="2.635" classname="test.testcases.ApolloPVAPMEA.CheckProductListPage"/>
  <testcase name="FilterByPopular" time="3.155" classname="test.testcases.ApolloPVAPMEA.CheckProductListPage"/>
  <testcase name="VerifyNumberAndName" time="10.193" classname="test.testcases.ApolloPVAPMEA.CheckProductListPage"/>
  <testcase name="FilterByOnRoad" time="2.574" classname="test.testcases.ApolloPVAPMEA.CheckProductListPage"/>
  <testcase name="OpenPVPage" time="3.217" classname="test.testcases.ApolloPVAPMEA.CheckProductListPage"/>
  <testcase name="FilterByMixed" time="2.400" classname="test.testcases.ApolloPVAPMEA.CheckProductListPage"/>
  <testcase name="CheckNumberOptAvlb" time="1.793" classname="test.testcases.ApolloPVAPMEA.CheckProductListPage"/>
  <testcase name="FilterByCar" time="4.183" classname="test.testcases.ApolloPVAPMEA.CheckProductListPage"/>
  <testcase name="FilterByOffRoad" time="43.257" classname="test.testcases.ApolloPVAPMEA.CheckProductListPage"/>
  <testcase name="FilterByLuxury" time="43.204" classname="test.testcases.ApolloPVAPMEA.CheckProductListPage"/>
</testsuite> <!-- test.testcases.ApolloPVAPMEA.CheckProductListPage -->
