<?xml version="1.0" encoding="UTF-8"?>
<!-- Generated by org.testng.reporters.JUnitReportReporter -->
<testsuite hostname="HN-SD-0131-WK" name="test.testcases.ApolloPVAPMEA.CheckTyreFinderPage" tests="10" failures="0" timestamp="8 Mar 2018 06:52:02 GMT" time="22.760" errors="0">
  <testcase name="ClosePopUpQuestion" time="0.638" classname="test.testcases.ApolloPVAPMEA.CheckTyreFinderPage"/>
  <testcase name="CheckEnableDisableBtn" time="1.111" classname="test.testcases.ApolloPVAPMEA.CheckTyreFinderPage"/>
  <testcase name="CheckValueRimInDB" time="1.920" classname="test.testcases.ApolloPVAPMEA.CheckTyreFinderPage"/>
  <testcase name="CheckValueWidthInDB" time="2.630" classname="test.testcases.ApolloPVAPMEA.CheckTyreFinderPage"/>
  <testcase name="ClickOnTyreSizeButton" time="1.363" classname="test.testcases.ApolloPVAPMEA.CheckTyreFinderPage"/>
  <testcase name="CheckValueOfAspecRimRemaining" time="3.608" classname="test.testcases.ApolloPVAPMEA.CheckTyreFinderPage"/>
  <testcase name="CheckValueAspectInDB" time="1.975" classname="test.testcases.ApolloPVAPMEA.CheckTyreFinderPage"/>
  <testcase name="CheckValueOfRimRemaining" time="1.949" classname="test.testcases.ApolloPVAPMEA.CheckTyreFinderPage"/>
  <testcase name="ClickOnQuesFindTyreSize" time="3.807" classname="test.testcases.ApolloPVAPMEA.CheckTyreFinderPage"/>
  <testcase name="CheckResetFunction" time="3.759" classname="test.testcases.ApolloPVAPMEA.CheckTyreFinderPage"/>
</testsuite> <!-- test.testcases.ApolloPVAPMEA.CheckTyreFinderPage -->
